<?xml version="1.0" encoding="UTF-8"?>
<testsuite name="footmap.footmap_spring.FootmapSpringApplicationTests" tests="1" skipped="0" failures="0" errors="0" timestamp="2026-05-19T01:28:17" hostname="juwonui-MacBookAir.local" time="0.039">
  <properties/>
  <testcase name="contextLoads()" classname="footmap.footmap_spring.FootmapSpringApplicationTests" time="0.039"/>
  <system-out><![CDATA[10:28:14.540 [Test worker] DEBUG org.springframework.test.context.BootstrapUtils - Instantiating CacheAwareContextLoaderDelegate from class [org.springframework.test.context.cache.DefaultCacheAwareContextLoaderDelegate]
10:28:14.543 [Test worker] DEBUG org.springframework.test.context.BootstrapUtils - Instantiating BootstrapContext using constructor [public org.springframework.test.context.support.DefaultBootstrapContext(java.lang.Class,org.springframework.test.context.CacheAwareContextLoaderDelegate)]
10:28:14.554 [Test worker] DEBUG org.springframework.test.context.BootstrapUtils - Instantiating TestContextBootstrapper for test class [footmap.footmap_spring.FootmapSpringApplicationTests] from class [org.springframework.boot.test.context.SpringBootTestContextBootstrapper]
10:28:14.558 [Test worker] INFO org.springframework.boot.test.context.SpringBootTestContextBootstrapper - Neither @ContextConfiguration nor @ContextHierarchy found for test class [footmap.footmap_spring.FootmapSpringApplicationTests], using SpringBootContextLoader
10:28:14.559 [Test worker] DEBUG org.springframework.test.context.support.AbstractContextLoader - Did not detect default resource location for test class [footmap.footmap_spring.FootmapSpringApplicationTests]: class path resource [footmap/footmap_spring/FootmapSpringApplicationTests-context.xml] does not exist
10:28:14.559 [Test worker] DEBUG org.springframework.test.context.support.AbstractContextLoader - Did not detect default resource location for test class [footmap.footmap_spring.FootmapSpringApplicationTests]: class path resource [footmap/footmap_spring/FootmapSpringApplicationTestsContext.groovy] does not exist
10:28:14.559 [Test worker] INFO org.springframework.test.context.support.AbstractContextLoader - Could not detect default resource locations for test class [footmap.footmap_spring.FootmapSpringApplicationTests]: no resource found for suffixes {-context.xml, Context.groovy}.
10:28:14.559 [Test worker] INFO org.springframework.test.context.support.AnnotationConfigContextLoaderUtils - Could not detect default configuration classes for test class [footmap.footmap_spring.FootmapSpringApplicationTests]: FootmapSpringApplicationTests does not declare any static, non-private, non-final, nested classes annotated with @Configuration.
10:28:14.572 [Test worker] DEBUG org.springframework.test.context.support.ActiveProfilesUtils - Could not find an 'annotation declaring class' for annotation type [org.springframework.test.context.ActiveProfiles] and class [footmap.footmap_spring.FootmapSpringApplicationTests]
10:28:14.590 [Test worker] DEBUG org.springframework.context.annotation.ClassPathScanningCandidateComponentProvider - Identified candidate component class: file [/Users/juwon/futsal/restartF_B-master/build/classes/java/main/footmap/footmap_spring/FootmapSpringApplication.class]
10:28:14.590 [Test worker] INFO org.springframework.boot.test.context.SpringBootTestContextBootstrapper - Found @SpringBootConfiguration footmap.footmap_spring.FootmapSpringApplication for test class footmap.footmap_spring.FootmapSpringApplicationTests
10:28:14.613 [Test worker] DEBUG org.springframework.boot.test.context.SpringBootTestContextBootstrapper - @TestExecutionListeners is not present for class [footmap.footmap_spring.FootmapSpringApplicationTests]: using defaults.
10:28:14.613 [Test worker] INFO org.springframework.boot.test.context.SpringBootTestContextBootstrapper - Loaded default TestExecutionListener class names from location [META-INF/spring.factories]: [org.springframework.boot.test.autoconfigure.restdocs.RestDocsTestExecutionListener, org.springframework.boot.test.autoconfigure.web.client.MockRestServiceServerResetTestExecutionListener, org.springframework.boot.test.autoconfigure.web.servlet.MockMvcPrintOnlyOnFailureTestExecutionListener, org.springframework.boot.test.autoconfigure.web.servlet.WebDriverTestExecutionListener, org.springframework.boot.test.autoconfigure.webservices.client.MockWebServiceServerTestExecutionListener, org.springframework.boot.test.mock.mockito.MockitoTestExecutionListener, org.springframework.boot.test.mock.mockito.ResetMocksTestExecutionListener, org.springframework.test.context.web.ServletTestExecutionListener, org.springframework.test.context.support.DirtiesContextBeforeModesTestExecutionListener, org.springframework.test.context.event.ApplicationEventsTestExecutionListener, org.springframework.test.context.support.DependencyInjectionTestExecutionListener, org.springframework.test.context.support.DirtiesContextTestExecutionListener, org.springframework.test.context.transaction.TransactionalTestExecutionListener, org.springframework.test.context.jdbc.SqlScriptsTestExecutionListener, org.springframework.test.context.event.EventPublishingTestExecutionListener]
10:28:14.618 [Test worker] INFO org.springframework.boot.test.context.SpringBootTestContextBootstrapper - Using TestExecutionListeners: [org.springframework.test.context.web.ServletTestExecutionListener@75459c75, org.springframework.test.context.support.DirtiesContextBeforeModesTestExecutionListener@183e8023, org.springframework.test.context.event.ApplicationEventsTestExecutionListener@45efc20d, org.springframework.boot.test.mock.mockito.MockitoTestExecutionListener@3e5499cc, org.springframework.boot.test.autoconfigure.SpringBootDependencyInjectionTestExecutionListener@67ab1c47, org.springframework.test.context.support.DirtiesContextTestExecutionListener@b78a709, org.springframework.test.context.transaction.TransactionalTestExecutionListener@30bcf3c1, org.springframework.test.context.jdbc.SqlScriptsTestExecutionListener@2a3c96e3, org.springframework.test.context.event.EventPublishingTestExecutionListener@15cafec7, org.springframework.boot.test.autoconfigure.restdocs.RestDocsTestExecutionListener@5b444398, org.springframework.boot.test.autoconfigure.web.client.MockRestServiceServerResetTestExecutionListener@cb191ca, org.springframework.boot.test.autoconfigure.web.servlet.MockMvcPrintOnlyOnFailureTestExecutionListener@42f48531, org.springframework.boot.test.autoconfigure.web.servlet.WebDriverTestExecutionListener@a776e, org.springframework.boot.test.autoconfigure.webservices.client.MockWebServiceServerTestExecutionListener@792bbc74, org.springframework.boot.test.mock.mockito.ResetMocksTestExecutionListener@79145d5a]
10:28:14.620 [Test worker] DEBUG org.springframework.test.context.support.AbstractDirtiesContextTestExecutionListener - Before test class: context [DefaultTestContext@75e91545 testClass = FootmapSpringApplicationTests, testInstance = [null], testMethod = [null], testException = [null], mergedContextConfiguration = [WebMergedContextConfiguration@60d1a32f testClass = FootmapSpringApplicationTests, locations = '{}', classes = '{class footmap.footmap_spring.FootmapSpringApplication}', contextInitializerClasses = '[]', activeProfiles = '{}', propertySourceLocations = '{}', propertySourceProperties = '{org.springframework.boot.test.context.SpringBootTestContextBootstrapper=true}', contextCustomizers = set[org.springframework.boot.test.autoconfigure.actuate.metrics.MetricsExportContextCustomizerFactory$DisableMetricExportContextCustomizer@48793bef, org.springframework.boot.test.autoconfigure.properties.PropertyMappingContextCustomizer@0, org.springframework.boot.test.autoconfigure.web.servlet.WebDriverContextCustomizerFactory$Customizer@56c4278e, org.springframework.boot.test.context.filter.ExcludeFilterContextCustomizer@59cba5a, org.springframework.boot.test.json.DuplicateJsonObjectContextCustomizerFactory$DuplicateJsonObjectContextCustomizer@768fc0f2, org.springframework.boot.test.mock.mockito.MockitoContextCustomizer@0, org.springframework.boot.test.web.client.TestRestTemplateContextCustomizer@51133c06, org.springframework.boot.test.context.SpringBootTestArgs@1, org.springframework.boot.test.context.SpringBootTestWebEnvironment@587e5365], resourceBasePath = 'src/main/webapp', contextLoader = 'org.springframework.boot.test.context.SpringBootContextLoader', parent = [null]], attributes = map['org.springframework.test.context.web.ServletTestExecutionListener.activateListener' -> true]], class annotated with @DirtiesContext [false] with mode [null].

  .   ____          _            __ _ _
 /\\ / ___'_ __ _ _(_)_ __  __ _ \ \ \ \
( ( )\___ | '_ | '_| | '_ \/ _` | \ \ \ \
 \\/  ___)| |_)| | | | | || (_| |  ) ) ) )
  '  |____| .__|_| |_|_| |_\__, | / / / /
 =========|_|==============|___/=/_/_/_/
 :: Spring Boot ::                (v2.7.6)

2026-05-19 10:28:14.721  INFO 74100 --- [    Test worker] f.f.FootmapSpringApplicationTests        : Starting FootmapSpringApplicationTests using Java 26.0.1 on juwonui-MacBookAir.local with PID 74100 (started by juwon in /Users/juwon/futsal/restartF_B-master)
2026-05-19 10:28:14.721  INFO 74100 --- [    Test worker] f.f.FootmapSpringApplicationTests        : No active profile set, falling back to 1 default profile: "default"
2026-05-19 10:28:15.047  INFO 74100 --- [    Test worker] .s.d.r.c.RepositoryConfigurationDelegate : Bootstrapping Spring Data JPA repositories in DEFAULT mode.
2026-05-19 10:28:15.064  INFO 74100 --- [    Test worker] .s.d.r.c.RepositoryConfigurationDelegate : Finished Spring Data repository scanning in 7 ms. Found 0 JPA repository interfaces.
2026-05-19 10:28:15.429  INFO 74100 --- [    Test worker] com.zaxxer.hikari.HikariDataSource       : HikariPool-1 - Starting...
2026-05-19 10:28:15.804  INFO 74100 --- [    Test worker] com.zaxxer.hikari.HikariDataSource       : HikariPool-1 - Start completed.
2026-05-19 10:28:15.851  INFO 74100 --- [    Test worker] o.hibernate.jpa.internal.util.LogHelper  : HHH000204: Processing PersistenceUnitInfo [name: default]
2026-05-19 10:28:15.873  INFO 74100 --- [    Test worker] org.hibernate.Version                    : HHH000412: Hibernate ORM core version 5.6.14.Final
2026-05-19 10:28:15.939  INFO 74100 --- [    Test worker] o.hibernate.annotations.common.Version   : HCANN000001: Hibernate Commons Annotations {5.1.2.Final}
2026-05-19 10:28:15.991  INFO 74100 --- [    Test worker] org.hibernate.dialect.Dialect            : HHH000400: Using dialect: org.hibernate.dialect.MySQL8Dialect
2026-05-19 10:28:16.059  INFO 74100 --- [    Test worker] o.h.e.t.j.p.i.JtaPlatformInitiator       : HHH000490: Using JtaPlatform implementation: [org.hibernate.engine.transaction.jta.platform.internal.NoJtaPlatform]
2026-05-19 10:28:16.063  INFO 74100 --- [    Test worker] j.LocalContainerEntityManagerFactoryBean : Initialized JPA EntityManagerFactory for persistence unit 'default'
2026-05-19 10:28:16.228  WARN 74100 --- [    Test worker] JpaBaseConfiguration$JpaWebConfiguration : spring.jpa.open-in-view is enabled by default. Therefore, database queries may be performed during view rendering. Explicitly configure spring.jpa.open-in-view to disable this warning
2026-05-19 10:28:16.276 DEBUG 74100 --- [    Test worker] .PrePostAnnotationSecurityMetadataSource : @org.springframework.security.access.prepost.PreAuthorize("hasRole('USER')") found on specific method: public java.lang.String footmap.footmap_spring.controller.GameController.gameSearch(org.springframework.ui.Model)
2026-05-19 10:28:16.286 DEBUG 74100 --- [    Test worker] m.DelegatingMethodSecurityMetadataSource : Caching method [CacheKey[footmap.footmap_spring.controller.GameController; public java.lang.String footmap.footmap_spring.controller.GameController.gameSearch(org.springframework.ui.Model)]] with attributes [[authorize: 'hasRole('USER')', filter: 'null', filterTarget: 'null']]
2026-05-19 10:28:16.293 TRACE 74100 --- [    Test worker] o.s.s.a.i.a.MethodSecurityInterceptor    : Validated configuration attributes
2026-05-19 10:28:16.340  INFO 74100 --- [    Test worker] f.f.config.CustomSecurityConfig          : ----------------web configure-----------------
2026-05-19 10:28:16.901  WARN 74100 --- [    Test worker] o.s.s.c.a.web.builders.WebSecurity       : You are asking Spring Security to ignore org.springframework.boot.autoconfigure.security.servlet.StaticResourceRequest$StaticResourceRequestMatcher@7091a016. This is not recommended -- please use permitAll via HttpSecurity#authorizeHttpRequests instead.
2026-05-19 10:28:16.901  INFO 74100 --- [    Test worker] o.s.s.web.DefaultSecurityFilterChain     : Will not secure org.springframework.boot.autoconfigure.security.servlet.StaticResourceRequest$StaticResourceRequestMatcher@7091a016
2026-05-19 10:28:16.931 DEBUG 74100 --- [    Test worker] edFilterInvocationSecurityMetadataSource : Adding web access control expression [permitAll] for Ant [pattern='/']
2026-05-19 10:28:16.932 DEBUG 74100 --- [    Test worker] edFilterInvocationSecurityMetadataSource : Adding web access control expression [permitAll] for Ant [pattern='/login']
2026-05-19 10:28:16.932 DEBUG 74100 --- [    Test worker] edFilterInvocationSecurityMetadataSource : Adding web access control expression [permitAll] for Ant [pattern='/signUp']
2026-05-19 10:28:16.932 DEBUG 74100 --- [    Test worker] edFilterInvocationSecurityMetadataSource : Adding web access control expression [permitAll] for Ant [pattern='/Write']
2026-05-19 10:28:16.932 DEBUG 74100 --- [    Test worker] edFilterInvocationSecurityMetadataSource : Adding web access control expression [permitAll] for Ant [pattern='/css/**']
2026-05-19 10:28:16.932 DEBUG 74100 --- [    Test worker] edFilterInvocationSecurityMetadataSource : Adding web access control expression [permitAll] for Ant [pattern='/assets/**']
2026-05-19 10:28:16.933 DEBUG 74100 --- [    Test worker] edFilterInvocationSecurityMetadataSource : Adding web access control expression [permitAll] for Ant [pattern='/uploads/**']
2026-05-19 10:28:16.933 DEBUG 74100 --- [    Test worker] edFilterInvocationSecurityMetadataSource : Adding web access control expression [permitAll] for Ant [pattern='/resources/**']
2026-05-19 10:28:16.935 TRACE 74100 --- [    Test worker] o.s.s.w.a.i.FilterSecurityInterceptor    : Validated configuration attributes
2026-05-19 10:28:16.936 TRACE 74100 --- [    Test worker] o.s.s.w.a.i.FilterSecurityInterceptor    : Validated configuration attributes
2026-05-19 10:28:16.946  INFO 74100 --- [    Test worker] o.s.s.web.DefaultSecurityFilterChain     : Will secure any request with [org.springframework.security.web.session.DisableEncodeUrlFilter@1693d505, org.springframework.security.web.context.request.async.WebAsyncManagerIntegrationFilter@3d195d15, org.springframework.security.web.context.SecurityContextPersistenceFilter@6e069ca9, org.springframework.security.web.header.HeaderWriterFilter@6094ad4, org.springframework.security.web.authentication.logout.LogoutFilter@5ee95d42, org.springframework.security.web.authentication.UsernamePasswordAuthenticationFilter@215404a1, org.springframework.security.web.savedrequest.RequestCacheAwareFilter@2f69d246, org.springframework.security.web.servletapi.SecurityContextHolderAwareRequestFilter@1c09bb7a, org.springframework.security.web.authentication.rememberme.RememberMeAuthenticationFilter@496c6d94, org.springframework.security.web.authentication.AnonymousAuthenticationFilter@17b387ef, org.springframework.security.web.session.SessionManagementFilter@4f629aa4, org.springframework.security.web.access.ExceptionTranslationFilter@48a38a12, org.springframework.security.web.access.intercept.FilterSecurityInterceptor@451cef67]
2026-05-19 10:28:16.985 TRACE 74100 --- [    Test worker] eGlobalAuthenticationAutowiredConfigurer : Eagerly initializing {customSecurityConfig=footmap.footmap_spring.config.CustomSecurityConfig$$EnhancerBySpringCGLIB$$414378be@305289b3, org.springframework.boot.autoconfigure.security.servlet.SpringBootWebSecurityConfiguration$WebSecurityEnablerConfiguration=org.springframework.boot.autoconfigure.security.servlet.SpringBootWebSecurityConfiguration$WebSecurityEnablerConfiguration@7575f7e1}
2026-05-19 10:28:16.997  INFO 74100 --- [    Test worker] f.f.FootmapSpringApplicationTests        : Started FootmapSpringApplicationTests in 2.365 seconds (JVM running for 2.714)
]]></system-out>
  <system-err><![CDATA[]]></system-err>
</testsuite>
